<?xml version="1.0" encoding="UTF-8"?>
<!-- Generated by org.testng.reporters.JUnitXMLReporter -->
<testsuite hostname="SL-1029" ignored="2" name="SauceLabs - Addressbook Tests" tests="9" failures="0" timestamp="14 Aug 2018 04:12:27 GMT" time="23.826" errors="0">
  <testcase name="verifyLoginPageTitle" time="0.009" classname="com.saucelabs.addressbook.tests.LoginPageTest"/>
  <testcase name="verifyLoginPageEmailTextBox" time="0.056" classname="com.saucelabs.addressbook.tests.LoginPageTest"/>
  <testcase name="verifyLoginPagePasswordTextBox" time="0.048" classname="com.saucelabs.addressbook.tests.LoginPageTest"/>
  <testcase name="verifyLoginToAddressBookWithInvalidCredentials" time="0.423" classname="com.saucelabs.addressbook.tests.LoginPageTest"/>
  <testcase name="verifyLoginToAddressBookWithInvalidCredentials" time="0.412" classname="com.saucelabs.addressbook.tests.LoginPageTest"/>
  <testcase name="verifyLoginToAddressBookWithInvalidCredentials" time="0.358" classname="com.saucelabs.addressbook.tests.LoginPageTest"/>
  <testcase name="verifyLoginToAddressBookWithInvalidCredentials" time="0.361" classname="com.saucelabs.addressbook.tests.LoginPageTest"/>
  <testcase name="verifyLoginToAddressBookWithInvalidCredentials" time="0.282" classname="com.saucelabs.addressbook.tests.LoginPageTest"/>
  <testcase name="verifyLoginToAddressBookWithInvalidCredentials" time="0.344" classname="com.saucelabs.addressbook.tests.LoginPageTest"/>
  <testcase name="verifyLoginButton" time="0.0" classname="com.saucelabs.addressbook.tests.LoginPageTest">
    <ignored/>
  </testcase> <!-- verifyLoginButton -->
  <testcase name="verifyLoginToHCPWithValidCredentials" time="0.0" classname="com.saucelabs.addressbook.tests.LoginPageTest">
    <ignored/>
  </testcase> <!-- verifyLoginToHCPWithValidCredentials -->
</testsuite> <!-- SauceLabs - Addressbook Tests -->
