<?xml version="1.0" encoding="UTF-8"?>
<!-- Generated by org.testng.reporters.JUnitXMLReporter -->
<testsuite hostname="SL-1029" ignored="0" name="Default test" tests="2" failures="0" timestamp="14 Aug 2018 05:10:17 GMT" time="7.281" errors="0">
  <testcase name="VerifyLogoutPageIsDisplayed" time="3.792" classname="com.saucelabs.addressbook.tests.LogoutPageTest"/>
  <testcase name="VerifyLoginPageIsDisplayed" time="2.96" classname="com.saucelabs.addressbook.tests.LogoutPageTest"/>
</testsuite> <!-- Default test -->
