<?xml version="1.0" encoding="UTF-8"?>
<!-- Generated by org.testng.reporters.JUnitXMLReporter -->
<testsuite hostname="SL-1029" ignored="2" name="Default test" tests="9" failures="0" timestamp="20 Aug 2018 17:06:41 GMT" time="102.174" errors="0">
  <testcase name="verifyLoginPageTitle" time="0.073" classname="com.saucelabs.addressbook.tests.LoginPageTest"/>
  <testcase name="verifyLoginPageEmailTextBox" time="0.811" classname="com.saucelabs.addressbook.tests.LoginPageTest"/>
  <testcase name="verifyLoginPagePasswordTextBox" time="0.278" classname="com.saucelabs.addressbook.tests.LoginPageTest"/>
  <testcase name="verifyLoginToAddressBookWithInvalidCredentials" time="1.842" classname="com.saucelabs.addressbook.tests.LoginPageTest"/>
  <testcase name="verifyLoginToAddressBookWithInvalidCredentials" time="3.429" classname="com.saucelabs.addressbook.tests.LoginPageTest"/>
  <testcase name="verifyLoginToAddressBookWithInvalidCredentials" time="2.917" classname="com.saucelabs.addressbook.tests.LoginPageTest"/>
  <testcase name="verifyLoginToAddressBookWithInvalidCredentials" time="4.597" classname="com.saucelabs.addressbook.tests.LoginPageTest"/>
  <testcase name="verifyLoginToAddressBookWithInvalidCredentials" time="2.992" classname="com.saucelabs.addressbook.tests.LoginPageTest"/>
  <testcase name="verifyLoginToAddressBookWithInvalidCredentials" time="3.739" classname="com.saucelabs.addressbook.tests.LoginPageTest"/>
  <testcase name="verifyLoginToAddressBookWithValidCredentials" time="0.0" classname="com.saucelabs.addressbook.tests.LoginPageTest">
    <ignored/>
  </testcase> <!-- verifyLoginToAddressBookWithValidCredentials -->
  <testcase name="verifyLoginButton" time="0.0" classname="com.saucelabs.addressbook.tests.LoginPageTest">
    <ignored/>
  </testcase> <!-- verifyLoginButton -->
</testsuite> <!-- Default test -->
