<?xml version="1.0" encoding="UTF-8"?>
<!-- Generated by org.testng.reporters.JUnitXMLReporter -->
<testsuite hostname="SL-1029" ignored="2" name="SauceLabs - Addressbook Tests" tests="9" failures="0" timestamp="25 Aug 2018 00:34:35 GMT" time="74.066" errors="0">
  <testcase name="verifyLoginPageTitle" time="0.083" classname="com.saucelabs.addressbook.tests.LoginPageTest"/>
  <testcase name="verifyLoginPageEmailTextBox" time="0.415" classname="com.saucelabs.addressbook.tests.LoginPageTest"/>
  <testcase name="verifyLoginPagePasswordTextBox" time="0.236" classname="com.saucelabs.addressbook.tests.LoginPageTest"/>
  <testcase name="verifyLoginToAddressBookWithInvalidCredentials" time="2.936" classname="com.saucelabs.addressbook.tests.LoginPageTest"/>
  <testcase name="verifyLoginToAddressBookWithInvalidCredentials" time="1.493" classname="com.saucelabs.addressbook.tests.LoginPageTest"/>
  <testcase name="verifyLoginToAddressBookWithInvalidCredentials" time="2.49" classname="com.saucelabs.addressbook.tests.LoginPageTest"/>
  <testcase name="verifyLoginToAddressBookWithInvalidCredentials" time="1.499" classname="com.saucelabs.addressbook.tests.LoginPageTest"/>
  <testcase name="verifyLoginToAddressBookWithInvalidCredentials" time="1.775" classname="com.saucelabs.addressbook.tests.LoginPageTest"/>
  <testcase name="verifyLoginToAddressBookWithInvalidCredentials" time="1.214" classname="com.saucelabs.addressbook.tests.LoginPageTest"/>
  <testcase name="verifyLoginToAddressBookWithValidCredentials" time="0.0" classname="com.saucelabs.addressbook.tests.LoginPageTest">
    <ignored/>
  </testcase> <!-- verifyLoginToAddressBookWithValidCredentials -->
  <testcase name="verifyLoginButton" time="0.0" classname="com.saucelabs.addressbook.tests.LoginPageTest">
    <ignored/>
  </testcase> <!-- verifyLoginButton -->
</testsuite> <!-- SauceLabs - Addressbook Tests -->
