<?xml version="1.0" encoding="UTF-8"?>
<testsuite xmlns:xsi="http://www.w3.org/2001/XMLSchema-instance" xsi:noNamespaceSchemaLocation="https://maven.apache.org/surefire/maven-surefire-plugin/xsd/surefire-test-report.xsd" name="TestSuite" time="24.249" tests="9" errors="0" skipped="0" failures="0">
  <properties>
[...]
</properties>
  <testcase name="verifyLoginPageTitle" classname="com.saucelabs.addressbook.tests.LoginPageTest" time="0.01"/>
  <testcase name="verifyLoginPageEmailTextBox" classname="com.saucelabs.addressbook.tests.LoginPageTest" time="0.057"/>
  <testcase name="verifyLoginPagePasswordTextBox" classname="com.saucelabs.addressbook.tests.LoginPageTest" time="0.048"/>
  <testcase name="verifyLoginToAddressBookWithInvalidCredentials" classname="com.saucelabs.addressbook.tests.LoginPageTest" time="0.422"/>
  <testcase name="verifyLoginToAddressBookWithInvalidCredentials" classname="com.saucelabs.addressbook.tests.LoginPageTest" time="0.413"/>
  <testcase name="verifyLoginToAddressBookWithInvalidCredentials" classname="com.saucelabs.addressbook.tests.LoginPageTest" time="0.359"/>
  <testcase name="verifyLoginToAddressBookWithInvalidCredentials" classname="com.saucelabs.addressbook.tests.LoginPageTest" time="0.361"/>
  <testcase name="verifyLoginToAddressBookWithInvalidCredentials" classname="com.saucelabs.addressbook.tests.LoginPageTest" time="0.282"/>
  <testcase name="verifyLoginToAddressBookWithInvalidCredentials" classname="com.saucelabs.addressbook.tests.LoginPageTest" time="0.344"/>
</testsuite>