<?xml version="1.0" encoding="UTF-8"?>
<testng-results skipped="0" failed="0" ignored="2" total="11" passed="9">
  <reporter-output>
  </reporter-output>
  <suite name="HCP Automation Test Suite" duration-ms="23826" started-at="2018-08-14T04:12:03Z" finished-at="2018-08-14T04:12:27Z">
    <groups>
      <group name="regression">
        <method signature="LoginPageTest.verifyLoginToAddressBookWithInvalidCredentials(java.lang.String, java.lang.String)[pri:5, instance:com.saucelabs.addressbook.tests.LoginPageTest@1f36e637]" name="verifyLoginToAddressBookWithInvalidCredentials" class="com.saucelabs.addressbook.tests.LoginPageTest"/>
      </group> <!-- regression -->
      <group name="sanity">
        <method signature="LoginPageTest.verifyLoginPageEmailTextBox()[pri:2, instance:com.saucelabs.addressbook.tests.LoginPageTest@1f36e637]" name="verifyLoginPageEmailTextBox" class="com.saucelabs.addressbook.tests.LoginPageTest"/>
        <method signature="LoginPageTest.verifyLoginPagePasswordTextBox()[pri:3, instance:com.saucelabs.addressbook.tests.LoginPageTest@1f36e637]" name="verifyLoginPagePasswordTextBox" class="com.saucelabs.addressbook.tests.LoginPageTest"/>
        <method signature="LoginPageTest.verifyLoginPageTitle()[pri:1, instance:com.saucelabs.addressbook.tests.LoginPageTest@1f36e637]" name="verifyLoginPageTitle" class="com.saucelabs.addressbook.tests.LoginPageTest"/>
      </group> <!-- sanity -->
    </groups>
    <test name="SauceLabs - Addressbook Tests" duration-ms="23826" started-at="2018-08-14T04:12:03Z" finished-at="2018-08-14T04:12:27Z">
      <class name="com.saucelabs.addressbook.tests.LoginPageTest">
        <test-method status="PASS" signature="setExtent()[pri:0, instance:com.saucelabs.addressbook.tests.LoginPageTest@1f36e637]" name="setExtent" is-config="true" duration-ms="126" started-at="2018-08-14T04:12:03Z" finished-at="2018-08-14T04:12:04Z">
          <reporter-output>
          </reporter-output>
        </test-method> <!-- setExtent -->
        <test-method status="PASS" signature="setup()[pri:0, instance:com.saucelabs.addressbook.tests.LoginPageTest@1f36e637]" name="setup" is-config="true" duration-ms="3265" started-at="2018-08-14T04:12:04Z" finished-at="2018-08-14T04:12:07Z">
          <reporter-output>
          </reporter-output>
        </test-method> <!-- setup -->
        <test-method status="PASS" signature="verifyLoginPageTitle()[pri:1, instance:com.saucelabs.addressbook.tests.LoginPageTest@1f36e637]" name="verifyLoginPageTitle" duration-ms="9" started-at="2018-08-14T04:12:07Z" finished-at="2018-08-14T04:12:07Z">
          <reporter-output>
          </reporter-output>
        </test-method> <!-- verifyLoginPageTitle -->
        <test-method status="PASS" signature="tearDown(org.testng.ITestResult)[pri:0, instance:com.saucelabs.addressbook.tests.LoginPageTest@1f36e637]" name="tearDown" is-config="true" duration-ms="86" started-at="2018-08-14T04:12:07Z" finished-at="2018-08-14T04:12:07Z">
          <params>
            <param index="0">
              <value>
                <![CDATA[[TestResult name=verifyLoginPageTitle status=SUCCESS method=LoginPageTest.verifyLoginPageTitle()[pri:1, instance:com.saucelabs.addressbook.tests.LoginPageTest@1f36e637] output={null}]]]>
              </value>
            </param>
          </params>
          <reporter-output>
          </reporter-output>
        </test-method> <!-- tearDown -->
        <test-method status="PASS" signature="setup()[pri:0, instance:com.saucelabs.addressbook.tests.LoginPageTest@1f36e637]" name="setup" is-config="true" duration-ms="2143" started-at="2018-08-14T04:12:07Z" finished-at="2018-08-14T04:12:09Z">
          <reporter-output>
          </reporter-output>
        </test-method> <!-- setup -->
        <test-method status="PASS" signature="verifyLoginPageEmailTextBox()[pri:2, instance:com.saucelabs.addressbook.tests.LoginPageTest@1f36e637]" name="verifyLoginPageEmailTextBox" duration-ms="56" started-at="2018-08-14T04:12:09Z" finished-at="2018-08-14T04:12:09Z">
          <reporter-output>
          </reporter-output>
        </test-method> <!-- verifyLoginPageEmailTextBox -->
        <test-method status="PASS" signature="tearDown(org.testng.ITestResult)[pri:0, instance:com.saucelabs.addressbook.tests.LoginPageTest@1f36e637]" name="tearDown" is-config="true" duration-ms="80" started-at="2018-08-14T04:12:09Z" finished-at="2018-08-14T04:12:09Z">
          <params>
            <param index="0">
              <value>
                <![CDATA[[TestResult name=verifyLoginPageEmailTextBox status=SUCCESS method=LoginPageTest.verifyLoginPageEmailTextBox()[pri:2, instance:com.saucelabs.addressbook.tests.LoginPageTest@1f36e637] output={null}]]]>
              </value>
            </param>
          </params>
          <reporter-output>
          </reporter-output>
        </test-method> <!-- tearDown -->
        <test-method status="PASS" signature="setup()[pri:0, instance:com.saucelabs.addressbook.tests.LoginPageTest@1f36e637]" name="setup" is-config="true" duration-ms="2122" started-at="2018-08-14T04:12:09Z" finished-at="2018-08-14T04:12:11Z">
          <reporter-output>
          </reporter-output>
        </test-method> <!-- setup -->
        <test-method status="PASS" signature="verifyLoginPagePasswordTextBox()[pri:3, instance:com.saucelabs.addressbook.tests.LoginPageTest@1f36e637]" name="verifyLoginPagePasswordTextBox" duration-ms="48" started-at="2018-08-14T04:12:11Z" finished-at="2018-08-14T04:12:11Z">
          <reporter-output>
          </reporter-output>
        </test-method> <!-- verifyLoginPagePasswordTextBox -->
        <test-method status="PASS" signature="tearDown(org.testng.ITestResult)[pri:0, instance:com.saucelabs.addressbook.tests.LoginPageTest@1f36e637]" name="tearDown" is-config="true" duration-ms="82" started-at="2018-08-14T04:12:11Z" finished-at="2018-08-14T04:12:12Z">
          <params>
            <param index="0">
              <value>
                <![CDATA[[TestResult name=verifyLoginPagePasswordTextBox status=SUCCESS method=LoginPageTest.verifyLoginPagePasswordTextBox()[pri:3, instance:com.saucelabs.addressbook.tests.LoginPageTest@1f36e637] output={null}]]]>
              </value>
            </param>
          </params>
          <reporter-output>
          </reporter-output>
        </test-method> <!-- tearDown -->
        <test-method status="PASS" signature="setup()[pri:0, instance:com.saucelabs.addressbook.tests.LoginPageTest@1f36e637]" name="setup" is-config="true" duration-ms="2146" started-at="2018-08-14T04:12:12Z" finished-at="2018-08-14T04:12:14Z">
          <reporter-output>
          </reporter-output>
        </test-method> <!-- setup -->
        <test-method status="PASS" signature="verifyLoginToAddressBookWithInvalidCredentials(java.lang.String, java.lang.String)[pri:5, instance:com.saucelabs.addressbook.tests.LoginPageTest@1f36e637]" name="verifyLoginToAddressBookWithInvalidCredentials" duration-ms="423" started-at="2018-08-14T04:12:14Z" data-provider="invalidCredentials" finished-at="2018-08-14T04:12:14Z">
          <params>
            <param index="0">
              <value>
                <![CDATA[abc@ams.com]]>
              </value>
            </param>
            <param index="1">
              <value>
                <![CDATA[sasasasassasas]]>
              </value>
            </param>
          </params>
          <reporter-output>
          </reporter-output>
        </test-method> <!-- verifyLoginToAddressBookWithInvalidCredentials -->
        <test-method status="PASS" signature="tearDown(org.testng.ITestResult)[pri:0, instance:com.saucelabs.addressbook.tests.LoginPageTest@1f36e637]" name="tearDown" is-config="true" duration-ms="84" started-at="2018-08-14T04:12:14Z" finished-at="2018-08-14T04:12:14Z">
          <params>
            <param index="0">
              <value>
                <![CDATA[[TestResult name=verifyLoginToAddressBookWithInvalidCredentials status=SUCCESS method=LoginPageTest.verifyLoginToAddressBookWithInvalidCredentials(java.lang.String, java.lang.String)[pri:5, instance:com.saucelabs.addressbook.tests.LoginPageTest@1f36e637] output={null}]]]>
              </value>
            </param>
          </params>
          <reporter-output>
          </reporter-output>
        </test-method> <!-- tearDown -->
        <test-method status="PASS" signature="setup()[pri:0, instance:com.saucelabs.addressbook.tests.LoginPageTest@1f36e637]" name="setup" is-config="true" duration-ms="2137" started-at="2018-08-14T04:12:14Z" finished-at="2018-08-14T04:12:16Z">
          <reporter-output>
          </reporter-output>
        </test-method> <!-- setup -->
        <test-method status="PASS" signature="verifyLoginToAddressBookWithInvalidCredentials(java.lang.String, java.lang.String)[pri:5, instance:com.saucelabs.addressbook.tests.LoginPageTest@1f36e637]" name="verifyLoginToAddressBookWithInvalidCredentials" duration-ms="412" started-at="2018-08-14T04:12:16Z" data-provider="invalidCredentials" finished-at="2018-08-14T04:12:17Z">
          <params>
            <param index="0">
              <value>
                <![CDATA[abc@ams.com]]>
              </value>
            </param>
            <param index="1">
              <value>
                <![CDATA[]]>
              </value>
            </param>
          </params>
          <reporter-output>
          </reporter-output>
        </test-method> <!-- verifyLoginToAddressBookWithInvalidCredentials -->
        <test-method status="PASS" signature="tearDown(org.testng.ITestResult)[pri:0, instance:com.saucelabs.addressbook.tests.LoginPageTest@1f36e637]" name="tearDown" is-config="true" duration-ms="87" started-at="2018-08-14T04:12:17Z" finished-at="2018-08-14T04:12:17Z">
          <params>
            <param index="0">
              <value>
                <![CDATA[[TestResult name=verifyLoginToAddressBookWithInvalidCredentials status=SUCCESS method=LoginPageTest.verifyLoginToAddressBookWithInvalidCredentials(java.lang.String, java.lang.String)[pri:5, instance:com.saucelabs.addressbook.tests.LoginPageTest@1f36e637] output={null}]]]>
              </value>
            </param>
          </params>
          <reporter-output>
          </reporter-output>
        </test-method> <!-- tearDown -->
        <test-method status="PASS" signature="setup()[pri:0, instance:com.saucelabs.addressbook.tests.LoginPageTest@1f36e637]" name="setup" is-config="true" duration-ms="2138" started-at="2018-08-14T04:12:17Z" finished-at="2018-08-14T04:12:19Z">
          <reporter-output>
          </reporter-output>
        </test-method> <!-- setup -->
        <test-method status="PASS" signature="verifyLoginToAddressBookWithInvalidCredentials(java.lang.String, java.lang.String)[pri:5, instance:com.saucelabs.addressbook.tests.LoginPageTest@1f36e637]" name="verifyLoginToAddressBookWithInvalidCredentials" duration-ms="358" started-at="2018-08-14T04:12:19Z" data-provider="invalidCredentials" finished-at="2018-08-14T04:12:19Z">
          <params>
            <param index="0">
              <value>
                <![CDATA[abc@ams.com]]>
              </value>
            </param>
            <param index="1">
              <value>
                <![CDATA[ ]]>
              </value>
            </param>
          </params>
          <reporter-output>
          </reporter-output>
        </test-method> <!-- verifyLoginToAddressBookWithInvalidCredentials -->
        <test-method status="PASS" signature="tearDown(org.testng.ITestResult)[pri:0, instance:com.saucelabs.addressbook.tests.LoginPageTest@1f36e637]" name="tearDown" is-config="true" duration-ms="84" started-at="2018-08-14T04:12:19Z" finished-at="2018-08-14T04:12:19Z">
          <params>
            <param index="0">
              <value>
                <![CDATA[[TestResult name=verifyLoginToAddressBookWithInvalidCredentials status=SUCCESS method=LoginPageTest.verifyLoginToAddressBookWithInvalidCredentials(java.lang.String, java.lang.String)[pri:5, instance:com.saucelabs.addressbook.tests.LoginPageTest@1f36e637] output={null}]]]>
              </value>
            </param>
          </params>
          <reporter-output>
          </reporter-output>
        </test-method> <!-- tearDown -->
        <test-method status="PASS" signature="setup()[pri:0, instance:com.saucelabs.addressbook.tests.LoginPageTest@1f36e637]" name="setup" is-config="true" duration-ms="2140" started-at="2018-08-14T04:12:19Z" finished-at="2018-08-14T04:12:22Z">
          <reporter-output>
          </reporter-output>
        </test-method> <!-- setup -->
        <test-method status="PASS" signature="verifyLoginToAddressBookWithInvalidCredentials(java.lang.String, java.lang.String)[pri:5, instance:com.saucelabs.addressbook.tests.LoginPageTest@1f36e637]" name="verifyLoginToAddressBookWithInvalidCredentials" duration-ms="361" started-at="2018-08-14T04:12:22Z" data-provider="invalidCredentials" finished-at="2018-08-14T04:12:22Z">
          <params>
            <param index="0">
              <value>
                <![CDATA[abc@ams.com]]>
              </value>
            </param>
            <param index="1">
              <value>
                <![CDATA[sasasasa]]>
              </value>
            </param>
          </params>
          <reporter-output>
          </reporter-output>
        </test-method> <!-- verifyLoginToAddressBookWithInvalidCredentials -->
        <test-method status="PASS" signature="tearDown(org.testng.ITestResult)[pri:0, instance:com.saucelabs.addressbook.tests.LoginPageTest@1f36e637]" name="tearDown" is-config="true" duration-ms="83" started-at="2018-08-14T04:12:22Z" finished-at="2018-08-14T04:12:22Z">
          <params>
            <param index="0">
              <value>
                <![CDATA[[TestResult name=verifyLoginToAddressBookWithInvalidCredentials status=SUCCESS method=LoginPageTest.verifyLoginToAddressBookWithInvalidCredentials(java.lang.String, java.lang.String)[pri:5, instance:com.saucelabs.addressbook.tests.LoginPageTest@1f36e637] output={null}]]]>
              </value>
            </param>
          </params>
          <reporter-output>
          </reporter-output>
        </test-method> <!-- tearDown -->
        <test-method status="PASS" signature="setup()[pri:0, instance:com.saucelabs.addressbook.tests.LoginPageTest@1f36e637]" name="setup" is-config="true" duration-ms="2136" started-at="2018-08-14T04:12:22Z" finished-at="2018-08-14T04:12:24Z">
          <reporter-output>
          </reporter-output>
        </test-method> <!-- setup -->
        <test-method status="PASS" signature="verifyLoginToAddressBookWithInvalidCredentials(java.lang.String, java.lang.String)[pri:5, instance:com.saucelabs.addressbook.tests.LoginPageTest@1f36e637]" name="verifyLoginToAddressBookWithInvalidCredentials" duration-ms="282" started-at="2018-08-14T04:12:24Z" data-provider="invalidCredentials" finished-at="2018-08-14T04:12:24Z">
          <params>
            <param index="0">
              <value>
                <![CDATA[]]>
              </value>
            </param>
            <param index="1">
              <value>
                <![CDATA[]]>
              </value>
            </param>
          </params>
          <reporter-output>
          </reporter-output>
        </test-method> <!-- verifyLoginToAddressBookWithInvalidCredentials -->
        <test-method status="PASS" signature="tearDown(org.testng.ITestResult)[pri:0, instance:com.saucelabs.addressbook.tests.LoginPageTest@1f36e637]" name="tearDown" is-config="true" duration-ms="84" started-at="2018-08-14T04:12:24Z" finished-at="2018-08-14T04:12:24Z">
          <params>
            <param index="0">
              <value>
                <![CDATA[[TestResult name=verifyLoginToAddressBookWithInvalidCredentials status=SUCCESS method=LoginPageTest.verifyLoginToAddressBookWithInvalidCredentials(java.lang.String, java.lang.String)[pri:5, instance:com.saucelabs.addressbook.tests.LoginPageTest@1f36e637] output={null}]]]>
              </value>
            </param>
          </params>
          <reporter-output>
          </reporter-output>
        </test-method> <!-- tearDown -->
        <test-method status="PASS" signature="setup()[pri:0, instance:com.saucelabs.addressbook.tests.LoginPageTest@1f36e637]" name="setup" is-config="true" duration-ms="2121" started-at="2018-08-14T04:12:24Z" finished-at="2018-08-14T04:12:27Z">
          <reporter-output>
          </reporter-output>
        </test-method> <!-- setup -->
        <test-method status="PASS" signature="verifyLoginToAddressBookWithInvalidCredentials(java.lang.String, java.lang.String)[pri:5, instance:com.saucelabs.addressbook.tests.LoginPageTest@1f36e637]" name="verifyLoginToAddressBookWithInvalidCredentials" duration-ms="344" started-at="2018-08-14T04:12:27Z" data-provider="invalidCredentials" finished-at="2018-08-14T04:12:27Z">
          <params>
            <param index="0">
              <value>
                <![CDATA[ ]]>
              </value>
            </param>
            <param index="1">
              <value>
                <![CDATA[ ]]>
              </value>
            </param>
          </params>
          <reporter-output>
          </reporter-output>
        </test-method> <!-- verifyLoginToAddressBookWithInvalidCredentials -->
        <test-method status="PASS" signature="tearDown(org.testng.ITestResult)[pri:0, instance:com.saucelabs.addressbook.tests.LoginPageTest@1f36e637]" name="tearDown" is-config="true" duration-ms="86" started-at="2018-08-14T04:12:27Z" finished-at="2018-08-14T04:12:27Z">
          <params>
            <param index="0">
              <value>
                <![CDATA[[TestResult name=verifyLoginToAddressBookWithInvalidCredentials status=SUCCESS method=LoginPageTest.verifyLoginToAddressBookWithInvalidCredentials(java.lang.String, java.lang.String)[pri:5, instance:com.saucelabs.addressbook.tests.LoginPageTest@1f36e637] output={null}]]]>
              </value>
            </param>
          </params>
          <reporter-output>
          </reporter-output>
        </test-method> <!-- tearDown -->
        <test-method status="PASS" signature="endReport()[pri:0, instance:com.saucelabs.addressbook.tests.LoginPageTest@1f36e637]" name="endReport" is-config="true" duration-ms="278" started-at="2018-08-14T04:12:27Z" finished-at="2018-08-14T04:12:27Z">
          <reporter-output>
          </reporter-output>
        </test-method> <!-- endReport -->
      </class> <!-- com.saucelabs.addressbook.tests.LoginPageTest -->
    </test> <!-- SauceLabs - Addressbook Tests -->
  </suite> <!-- HCP Automation Test Suite -->
</testng-results>
